[0mGET /users/sign-out [36m302[0m 8.788 ms - 46[0m
[0mGET / [32m200[0m 124.312 ms - 29370[0m
[0mGET / [31m500[0m 37.653 ms - 2827[0m
[0mGET / [31m500[0m 104.112 ms - 2773[0m
[0mGET / [31m500[0m 41.514 ms - 2773[0m
[0mGET / [31m500[0m 119.722 ms - 2773[0m
[0mGET / [31m500[0m 34.720 ms - 2827[0m
[0mGET / [31m500[0m 27.634 ms - 2827[0m
[0mGET / [31m500[0m 137.985 ms - 2773[0m
[0mGET / [31m500[0m 631.168 ms - 2773[0m
[0mGET / [31m500[0m 158.763 ms - 2773[0m
[0mGET / [31m500[0m 43.374 ms - 2773[0m
[0mGET / [31m500[0m 81.563 ms - 2862[0m
[0mGET / [31m500[0m 44.862 ms - 2862[0m
[0mGET / [31m500[0m 42.174 ms - 2862[0m
[0mGET / [31m500[0m 34.389 ms - 2862[0m
[0mGET / [31m500[0m 37.546 ms - 2862[0m
[0mGET / [31m500[0m 30.794 ms - 2862[0m
[0mGET / [31m500[0m 80.078 ms - 2794[0m
[0mGET / [31m500[0m 45.368 ms - 2794[0m
[0mGET / [31m500[0m 94.557 ms - 2775[0m
[0mGET / [31m500[0m 46.308 ms - 2775[0m
[0mGET / [31m500[0m 50.224 ms - 2775[0m
[0mGET / [31m500[0m 45.054 ms - 2775[0m
[0mGET / [31m500[0m 41.844 ms - 2853[0m
[0mGET / [31m500[0m 41.505 ms - 2853[0m
[0mGET / [32m200[0m 99.215 ms - 11269[0m
[0mGET /favicon.ico [33m404[0m 6.389 ms - 150[0m
[0mGET / [36m304[0m 65.918 ms - -[0m
[0mGET / [36m304[0m 46.673 ms - -[0m
[0mGET /users/profile/5fdf4f7874eae11168f8c328 [36m302[0m 41.032 ms - 72[0m
[0mGET /users/sign-in [32m200[0m 20.801 ms - 2108[0m
[0mGET /users/sign-up [36m304[0m 47.697 ms - -[0m
[0mGET /users/profile/5fdf4f7874eae11168f8c328 [36m302[0m 4.908 ms - 72[0m
[0mGET /users/sign-in [36m304[0m 14.903 ms - -[0m
[0mPOST /users/create-session [36m302[0m 30.679 ms - 46[0m
[0mGET / [31m500[0m 66.320 ms - 2941[0m
[0mGET /users/sign-up [36m302[0m 5.979 ms - 72[0m
[0mGET /users/profile [33m404[0m 10.292 ms - 152[0m
[0mGET / [31m500[0m 45.976 ms - 2995[0m
[0mGET / [31m500[0m 134.335 ms - 2941[0m
[0mGET / [31m500[0m 66.308 ms - 2941[0m
[0mGET / [31m500[0m 40.603 ms - 2941[0m
[0mGET / [31m500[0m 40.791 ms - 2941[0m
[0mGET / [31m500[0m 48.527 ms - 2941[0m
[0mGET / [31m500[0m 46.532 ms - 2941[0m
[0mGET / [31m500[0m 54.450 ms - 2995[0m
[0mGET / [31m500[0m 82.766 ms - 2941[0m
[0mGET / [31m500[0m 86.362 ms - 2941[0m
[0mGET / [31m500[0m 41.429 ms - 2941[0m
[0mGET / [31m500[0m 45.100 ms - 2941[0m
[0mGET / [31m500[0m 36.100 ms - 2941[0m
[0mGET / [31m500[0m 44.089 ms - 2941[0m
[0mGET / [31m500[0m 32.088 ms - 2941[0m
[0mGET / [31m500[0m 30.821 ms - 2941[0m
[0mGET / [31m500[0m 61.297 ms - 2941[0m
[0mGET / [31m500[0m 25.971 ms - 2724[0m
[0mGET / [31m500[0m 28.565 ms - 2724[0m
[0mGET / [31m500[0m 27.947 ms - 2724[0m
[0mGET / [31m500[0m 94.885 ms - 2670[0m
[0mGET / [31m500[0m 56.300 ms - 2670[0m
[0mGET / [31m500[0m 99.622 ms - 2670[0m
[0mGET / [31m500[0m 50.703 ms - 2670[0m
[0mGET / [31m500[0m 51.747 ms - 2670[0m
[0mGET / [31m500[0m 48.383 ms - 2670[0m
[0mGET / [31m500[0m 103.149 ms - 2670[0m
[0mGET / [31m500[0m 51.176 ms - 2670[0m
[0mGET / [31m500[0m 44.298 ms - 2670[0m
[0mGET / [31m500[0m 132.680 ms - 2670[0m
[0mGET / [31m500[0m 51.887 ms - 2685[0m
[0mGET / [31m500[0m 42.816 ms - 2685[0m
[0mGET / [31m500[0m 45.335 ms - 2685[0m
[0mGET / [31m500[0m 56.656 ms - 2685[0m
[0mGET / [31m500[0m 45.026 ms - 2685[0m
[0mGET / [31m500[0m 38.895 ms - 2685[0m
[0mGET / [32m200[0m 73.611 ms - 3750[0m
[0mPOST /posts/create [32m200[0m 98.081 ms - 276[0m
[0mGET /likes/toggle/?id=607e727c3f836e2ef47673fd&type=Post [33m404[0m 8.726 ms - 152[0m
[0mGET /users/sign-out [36m302[0m 21.802 ms - 46[0m
[0mGET / [32m200[0m 33.352 ms - 3095[0m
[0mGET /users/sign-in [36m304[0m 13.179 ms - -[0m
[0mPOST /users/create-session [36m302[0m 8.786 ms - 72[0m
[0mGET /users/sign-in [32m200[0m 12.907 ms - 2343[0m
[0mGET /users/sign-up [32m200[0m 13.322 ms - 2250[0m
[0mPOST /users/create [36m302[0m 11.944 ms - 72[0m
[0mGET /users/sign-in [32m200[0m 18.784 ms - 2108[0m
[0mPOST /users/create-session [36m302[0m 10.170 ms - 46[0m
[0mGET / [32m200[0m 39.994 ms - 4072[0m
[0mPOST /posts/create [32m200[0m 11.661 ms - 269[0m
[0mGET /users/profile/607e72da3f836e2ef47673fe [32m200[0m 20.922 ms - 2379[0m
[0mGET /users/profile/5fdf3b550a55182c94b0cf06 [32m200[0m 18.405 ms - 2029[0m
[0mGET /users/sign-out [36m302[0m 10.610 ms - 46[0m
[0mGET / [32m200[0m 36.428 ms - 3201[0m
[0mGET /users/profile/5fdf3b550a55182c94b0cf06 [36m302[0m 4.722 ms - 72[0m
[0mGET /users/sign-in [36m304[0m 11.967 ms - -[0m
[0mPOST /users/create-session [36m302[0m 8.059 ms - 46[0m
[0mGET / [32m200[0m 48.517 ms - 4091[0m
[0mGET /users/profile/607e72da3f836e2ef47673fe [36m304[0m 22.294 ms - -[0m
[0mGET /users/sign-out [36m302[0m 7.526 ms - 46[0m
[0mGET / [32m200[0m 44.409 ms - 3201[0m
[0mGET /users/sign-in [36m304[0m 11.865 ms - -[0m
[0mPOST /users/create-session [36m302[0m 7.793 ms - 46[0m
[0mGET / [32m200[0m 41.013 ms - 4091[0m
[0mGET /users/sign-out [36m302[0m 6.182 ms - 46[0m
[0mGET / [31m500[0m 28.057 ms - 2724[0m
[0mGET / [32m200[0m 41.511 ms - 2982[0m
[0mGET /users/profile/5fdf3b550a55182c94b0cf06 [36m302[0m 4.938 ms - 72[0m
[0mGET /users/sign-in [36m304[0m 11.715 ms - -[0m
[0mGET /users/sign-up [36m304[0m 12.247 ms - -[0m
[0mGET /users/sign-in [36m304[0m 12.691 ms - -[0m
[0mPOST /users/create-session [36m302[0m 7.694 ms - 46[0m
[0mGET / [32m200[0m 48.058 ms - 4103[0m
[0mPOST /posts/create [32m200[0m 10.374 ms - 263[0m
[0mGET /posts/destroy/607e752a3f836e2ef4767400 [32m200[0m 28.134 ms - 72[0m
[0mPOST /posts/create [32m200[0m 9.474 ms - 269[0m
[0mPOST /comments/create [36m302[0m 30.789 ms - 46[0m
[0mGET / [32m200[0m 84.457 ms - 4119[0m
[0mPOST /posts/create [32m200[0m 14.816 ms - 269[0m
[0mPOST /comments/create [36m302[0m 20.909 ms - 46[0m
[0mGET / [32m200[0m 71.293 ms - 4139[0m
[0mGET / [32m200[0m 32.724 ms - 3909[0m
[0mGET / [36m304[0m 34.334 ms - -[0m
[0mGET / [31m500[0m 56.440 ms - 2724[0m
[0mGET / [32m200[0m 54.018 ms - 2469[0m
[0mGET /users/sign-in [36m304[0m 18.231 ms - -[0m
[0mPOST /users/create-session [36m302[0m 17.520 ms - 72[0m
[0mGET /users/sign-in [32m200[0m 11.306 ms - 2343[0m
[0mGET /users/sign-up [36m304[0m 15.285 ms - -[0m
[0mPOST /users/create [36m302[0m 41.036 ms - 72[0m
[0mGET /users/sign-in [32m200[0m 12.350 ms - 2108[0m
[0mPOST /users/create-session [36m302[0m 17.826 ms - 46[0m
[0mGET / [32m200[0m 22.568 ms - 3707[0m
[0mPOST /posts/create [32m200[0m 335.118 ms - 275[0m
[0mPOST /posts/create [32m200[0m 16.908 ms - 275[0m
[0mGET /posts/destroy/607e79bdadff421018b6b14a [32m200[0m 31.364 ms - 72[0m
[0mGET / [32m200[0m 37.447 ms - 5927[0m
[0mGET / [36m304[0m 27.261 ms - -[0m
[0mPOST /posts/create [32m200[0m 12.169 ms - 274[0m
[0mPOST /likes/toggle/?id=607e79bdadff421018b6b14b&type=Post [32m200[0m 180.940 ms - 58[0m
[0mPOST /likes/toggle/?id=607e79bdadff421018b6b14b&type=Post [32m200[0m 18.659 ms - 57[0m
[0mPOST /likes/toggle/?id=607e79bdadff421018b6b14b&type=Post [32m200[0m 28.554 ms - 58[0m
[0mGET /users/sign-out [36m302[0m 6.773 ms - 46[0m
[0mGET / [32m200[0m 28.203 ms - 5497[0m
[0mGET /users/profile/607e79b3adff421018b6b149 [36m302[0m 4.801 ms - 72[0m
[0mGET /users/sign-in [36m304[0m 12.165 ms - -[0m
[0mPOST /users/create-session [36m302[0m 8.460 ms - 46[0m
[0mGET / [32m200[0m 29.353 ms - 8613[0m
[0mGET /users/sign-out [36m302[0m 8.311 ms - 46[0m
[0mGET / [32m200[0m 27.672 ms - 5497[0m
[0mGET / [32m200[0m 35.347 ms - 5266[0m
[0mGET / [32m200[0m 107.784 ms - 5284[0m
[0mGET /favicon.ico [33m404[0m 5.977 ms - 150[0m
[0mGET / [32m200[0m 32.547 ms - 5374[0m
[0mGET / [36m304[0m 32.322 ms - -[0m
[0mGET /users/sign-in [36m304[0m 9.399 ms - -[0m
[0mPOST /users/create-session [36m302[0m 29.821 ms - 46[0m
[0mGET / [32m200[0m 37.568 ms - 8721[0m
[0mGET /posts/destroy/607e79cdadff421018b6b14c [32m200[0m 57.253 ms - 72[0m
[0mGET /posts/destroy/607e79bdadff421018b6b14b [36m302[0m 17.373 ms - 88[0m
[0mGET / [32m200[0m 20.785 ms - 3722[0m
[0mPOST /posts/create [32m200[0m 20.080 ms - 282[0m
[0mGET / [32m200[0m 27.418 ms - 5995[0m
[0mGET /users/sign-out [36m302[0m 6.987 ms - 46[0m
[0mGET / [32m200[0m 22.169 ms - 4217[0m
[0mGET /users/sign-up [36m304[0m 71.234 ms - -[0m
[0mPOST /users/create [36m302[0m 9.494 ms - 72[0m
[0mGET /users/sign-in [36m304[0m 10.134 ms - -[0m
[0mPOST /users/create-session [36m302[0m 6.637 ms - 46[0m
[0mGET / [32m200[0m 27.765 ms - 5987[0m
[0mPOST /comments/create [36m302[0m 223.864 ms - 46[0m
[0mGET / [32m200[0m 122.168 ms - 6293[0m
[0mGET / [32m200[0m 31.711 ms - 6063[0m
[0mPOST /posts/create [32m200[0m 10.184 ms - 278[0m
[0mGET / [32m200[0m 33.691 ms - 8577[0m
[0mGET /users/sign-out [36m302[0m 6.415 ms - 46[0m
[0mGET / [32m200[0m 26.719 ms - 6024[0m
[0mGET / [32m200[0m 28.076 ms - 5798[0m
[0mGET /users/profile/607e79b3adff421018b6b149 [36m302[0m 4.170 ms - 72[0m
[0mGET /users/sign-in [36m304[0m 10.719 ms - -[0m
[0mPOST /users/create-session [36m302[0m 6.308 ms - 46[0m
[0mGET / [32m200[0m 30.014 ms - 9139[0m
[0mGET / [32m200[0m 34.467 ms - 8905[0m
[0mGET / [36m304[0m 36.567 ms - -[0m
[0mGET / [36m304[0m 23.038 ms - -[0m
[0mGET / [32m200[0m 31.415 ms - 8858[0m
[0mGET / [36m304[0m 28.862 ms - -[0m
[0mGET /users/sign-out [36m302[0m 6.096 ms - 46[0m
[0mGET / [32m200[0m 25.780 ms - 5982[0m
[0mGET /users/sign-up [36m304[0m 15.004 ms - -[0m
[0mPOST /users/create [36m302[0m 9.027 ms - 72[0m
[0mGET /users/sign-in [36m304[0m 7.417 ms - -[0m
[0mPOST /users/create-session [36m302[0m 7.830 ms - 46[0m
[0mGET / [32m200[0m 35.976 ms - 8845[0m
[0mPOST /likes/toggle/?id=607e85887a19d42c104b9dad&type=Post [32m200[0m 15.234 ms - 58[0m
[0mPOST /posts/create [32m200[0m 9.304 ms - 273[0m
[0mGET / [32m200[0m 31.665 ms - 11115[0m
[0mGET / [36m304[0m 98.777 ms - -[0m
[0mGET /users/profile/607e885a7a19d42c104b9db2 [32m200[0m 27.678 ms - 2377[0m
[0mGET /users/profile/607e79b3adff421018b6b149 [32m200[0m 18.569 ms - 2028[0m
[0mGET /users/profile/607e85c67a19d42c104b9dae [32m200[0m 19.292 ms - 2009[0m
[0mGET /users/profile/607e885a7a19d42c104b9db2 [36m304[0m 18.993 ms - -[0m
[0mGET /users/sign-out [36m302[0m 16.289 ms - 46[0m
[0mGET / [32m200[0m 42.249 ms - 7468[0m
[0mGET /users/profile/607e79b3adff421018b6b149 [36m302[0m 3.279 ms - 72[0m
[0mGET /users/sign-in [36m304[0m 14.475 ms - -[0m
[0mPOST /users/create-session [36m302[0m 9.229 ms - 46[0m
[0mGET / [32m200[0m 34.618 ms - 11349[0m
[0mGET /users/profile/607e85c67a19d42c104b9dae [36m304[0m 21.131 ms - -[0m
[0mGET / [32m200[0m 42.045 ms - 11115[0m
[0mGET / [36m304[0m 35.868 ms - -[0m
[0mGET / [36m304[0m 35.966 ms - -[0m
[0mGET / [36m304[0m 35.324 ms - -[0m
[0mGET /users/profile/607e885a7a19d42c104b9db2 [36m304[0m 17.928 ms - -[0m
[0mGET /users/profile/607e885a7a19d42c104b9db2 [36m304[0m 16.247 ms - -[0m
[0mGET /users/sign-out [36m302[0m 7.976 ms - 46[0m
[0mGET / [32m200[0m 29.992 ms - 7468[0m
[0mGET /users/profile/607e79b3adff421018b6b149 [36m302[0m 2.647 ms - 72[0m
[0mGET /users/sign-in [36m304[0m 10.897 ms - -[0m
[0mPOST /users/create-session [36m302[0m 6.361 ms - 46[0m
[0mGET / [32m200[0m 41.262 ms - 11349[0m
[0mGET / [32m200[0m 88.477 ms - 11115[0m
[0mGET / [36m304[0m 69.876 ms - -[0m
[0mGET / [32m200[0m 47.984 ms - 11115[0m
[0mGET /favicon.ico [33m404[0m 7.510 ms - 150[0m
[0mGET / [32m200[0m 40.460 ms - 11149[0m
[0mGET / [36m304[0m 36.271 ms - -[0m
[0mGET / [36m304[0m 34.976 ms - -[0m
[0mGET / [32m200[0m 40.065 ms - 11117[0m
[0mGET / [36m304[0m 40.919 ms - -[0m
[0mGET / [36m304[0m 41.314 ms - -[0m
[0mGET / [32m200[0m 41.360 ms - 11117[0m
[0mGET / [32m200[0m 32.099 ms - 11077[0m
[0mGET /users/sign-out [36m302[0m 9.467 ms - 46[0m
[0mGET / [32m200[0m 29.512 ms - 7431[0m
[0mGET /users/profile/607e79b3adff421018b6b149 [36m302[0m 4.785 ms - 72[0m
[0mGET /users/sign-in [32m200[0m 7.983 ms - 2108[0m
[0mPOST /users/create-session [36m302[0m 7.328 ms - 72[0m
[0mGET /users/sign-in [32m200[0m 9.434 ms - 2343[0m
[0mPOST /users/create-session [36m302[0m 5.665 ms - 72[0m
[0mGET /users/sign-in [36m304[0m 9.914 ms - -[0m
[0mPOST /users/create-session [36m302[0m 6.866 ms - 72[0m
[0mGET /users/sign-in [36m304[0m 12.943 ms - -[0m
[0mPOST /users/create-session [36m302[0m 8.377 ms - 46[0m
[0mGET / [32m200[0m 33.448 ms - 11329[0m
[0mGET /users/profile/607e885a7a19d42c104b9db2 [32m200[0m 19.684 ms - 2010[0m
[0mGET /users/profile/607e885a7a19d42c104b9db2 [36m304[0m 18.677 ms - -[0m
[0mGET /users/profile/607e885a7a19d42c104b9db2 [36m304[0m 18.689 ms - -[0m
[0mGET /users/sign-out [36m302[0m 7.460 ms - 46[0m
[0mGET / [32m200[0m 32.806 ms - 7431[0m
[0mGET /users/profile/607e885a7a19d42c104b9db2 [36m302[0m 3.650 ms - 72[0m
[0mGET /users/sign-in [32m200[0m 11.732 ms - 2108[0m
[0mPOST /users/create-session [36m302[0m 6.264 ms - 72[0m
[0mGET /users/sign-in [32m200[0m 11.701 ms - 2343[0m
[0mPOST /users/create-session [36m302[0m 8.119 ms - 72[0m
[0mGET /users/sign-in [36m304[0m 9.796 ms - -[0m
[0mPOST /users/create-session [36m302[0m 6.882 ms - 46[0m
[0mGET / [32m200[0m 33.849 ms - 11311[0m
[0mGET / [32m200[0m 41.307 ms - 11077[0m
[0mGET /users/profile/607e885a7a19d42c104b9db2 [32m200[0m 16.576 ms - 2378[0m
[0mPOST /users/update/607e885a7a19d42c104b9db2 [36m302[0m 94.258 ms - 164[0m
[0mGET /users/profile/607e885a7a19d42c104b9db2 [36m304[0m 18.779 ms - -[0m
[0mPOST /users/update/607e885a7a19d42c104b9db2 [36m302[0m 12.204 ms - 164[0m
[0mGET /users/profile/607e885a7a19d42c104b9db2 [32m200[0m 18.534 ms - 2421[0m
[0mGET /users/profile/607e885a7a19d42c104b9db2 [36m304[0m 14.152 ms - -[0m
[0mGET / [32m200[0m 36.072 ms - 11077[0m
[0mGET /socket.io/socket.io.js [33m404[0m 12.219 ms - 161[0m
[0mGET /socket.io/socket.io.js [33m404[0m 10.848 ms - 161[0m
[0mGET / [36m304[0m 33.489 ms - -[0m
[0mGET /socket.io/socket.io.js [33m404[0m 19.155 ms - 161[0m
[0mGET /socket.io/socket.io.js [33m404[0m 12.651 ms - 161[0m
